<?xml version="1.0" encoding="UTF-8"?>
<testng-results ignored="0" total="2" passed="2" failed="0" skipped="0">
  <reporter-output>
  </reporter-output>
  <suite started-at="2024-02-29T17:51:17 IST" name="Suite" finished-at="2024-02-29T17:52:12 IST" duration-ms="54451">
    <groups>
      <group name="sanity">
        <method signature="TC4enterprises.forEnterprise()[pri:1, instance:TestCases.TC4enterprises@2b662a77]" name="forEnterprise" class="TestCases.TC4enterprises"/>
      </group> <!-- sanity -->
    </groups>
    <test started-at="2024-02-29T17:51:17 IST" name="Test" finished-at="2024-02-29T17:52:12 IST" duration-ms="54451">
      <class name="TestCases.TC4enterprises">
        <test-method is-config="true" signature="setup(java.lang.String,java.lang.String)[pri:0, instance:TestCases.TC4enterprises@2b662a77]" started-at="2024-02-29T17:51:18 IST" name="setup" finished-at="2024-02-29T17:51:38 IST" duration-ms="19806" status="PASS">
          <params>
            <param index="0">
              <value>
                <![CDATA[windows]]>
              </value>
            </param>
            <param index="1">
              <value>
                <![CDATA[chrome]]>
              </value>
            </param>
          </params>
          <reporter-output>
          </reporter-output>
        </test-method> <!-- setup -->
        <test-method signature="forEnterprise()[pri:1, instance:TestCases.TC4enterprises@2b662a77]" started-at="2024-02-29T17:51:38 IST" name="forEnterprise" finished-at="2024-02-29T17:52:02 IST" duration-ms="24285" status="PASS">
          <reporter-output>
          </reporter-output>
        </test-method> <!-- forEnterprise -->
        <test-method signature="submitForm()[pri:2, instance:TestCases.TC4enterprises@2b662a77]" started-at="2024-02-29T17:52:03 IST" name="submitForm" finished-at="2024-02-29T17:52:10 IST" duration-ms="6486" status="PASS">
          <reporter-output>
          </reporter-output>
        </test-method> <!-- submitForm -->
        <test-method is-config="true" signature="tearDown()[pri:0, instance:TestCases.TC4enterprises@2b662a77]" started-at="2024-02-29T17:52:10 IST" name="tearDown" finished-at="2024-02-29T17:52:12 IST" duration-ms="1500" status="PASS">
          <reporter-output>
          </reporter-output>
        </test-method> <!-- tearDown -->
      </class> <!-- TestCases.TC4enterprises -->
    </test> <!-- Test -->
  </suite> <!-- Suite -->
</testng-results>
